<?xml version="1.0" encoding="UTF-8"?>
<!-- Generated by org.testng.reporters.JUnitReportReporter -->
<testsuite skipped="0" hostname="SUKHi-PC" name="Login.Login_launch" tests="2" failures="0" timestamp="13 Feb 2019 15:34:37 GMT" time="6.729" errors="0">
  <testcase name="acc" time="5.115" classname="Login.Login_launch"/>
  <testcase name="forget" time="1.614" classname="Login.Login_launch"/>
</testsuite> <!-- Login.Login_launch -->
